{"level":"info","message":"url: /users, method: GET, params: {}, body: {}","timestamp":"2020-04-19 19:28:50"}
{"level":"info","message":"url: /boards, method: POST, params: {}, body: {\"title\":\"Autotest board\",\"columns\":[{\"title\":\"Backlog\",\"order\":1},{\"title\":\"Sprint\",\"order\":2}]}","timestamp":"2020-04-19 19:28:50"}
{"level":"info","message":"url: /boards, method: POST, params: {}, body: {\"title\":\"Autotest board\",\"columns\":[{\"title\":\"Backlog\",\"order\":1},{\"title\":\"Sprint\",\"order\":2}]}","timestamp":"2020-04-19 19:28:50"}
{"level":"info","message":"url: /users, method: POST, params: {}, body: {\"name\":\"TEST_USER\",\"login\":\"test_user\",\"password\":\"T35t_P@55w0rd\"}","timestamp":"2020-04-19 19:28:50"}
{"level":"info","message":"url: /boards/c1e54c12-b496-404f-8391-24079c05db0e/tasks, method: POST, params: {}, body: {\"title\":\"Autotest task\",\"order\":0,\"description\":\"Lorem ipsum\",\"userId\":null,\"boardId\":null,\"columnId\":null}","timestamp":"2020-04-19 19:28:50"}
{"level":"info","message":"url: /boards, method: GET, params: {}, body: {}","timestamp":"2020-04-19 19:28:50"}
{"level":"info","message":"url: /users/3ea864bd-1214-4130-a13a-e03c2bc3e0fa, method: GET, params: {}, body: {}","timestamp":"2020-04-19 19:28:50"}
{"level":"info","message":"url: /boards/c1e54c12-b496-404f-8391-24079c05db0e/tasks, method: GET, params: {}, body: {}","timestamp":"2020-04-19 19:28:50"}
{"level":"info","message":"url: /boards, method: GET, params: {}, body: {}","timestamp":"2020-04-19 19:28:50"}
{"level":"info","message":"url: /users/3ea864bd-1214-4130-a13a-e03c2bc3e0fa, method: DELETE, params: {}, body: {}","timestamp":"2020-04-19 19:28:50"}
{"level":"info","message":"url: /boards/c1e54c12-b496-404f-8391-24079c05db0e/tasks, method: GET, params: {}, body: {}","timestamp":"2020-04-19 19:28:50"}
{"level":"info","message":"url: /boards/4, method: GET, params: {}, body: {}","timestamp":"2020-04-19 19:28:50"}
{"level":"info","message":"url: /boards/c1e54c12-b496-404f-8391-24079c05db0e/tasks/cb3b0ab5-edbe-4c36-9cda-eb5b3522807b, method: GET, params: {}, body: {}","timestamp":"2020-04-19 19:28:50"}
{"level":"info","message":"url: /boards, method: POST, params: {}, body: {\"title\":\"Autotest board\",\"columns\":[{\"title\":\"Backlog\",\"order\":1},{\"title\":\"Sprint\",\"order\":2}]}","timestamp":"2020-04-19 19:28:50"}
{"level":"info","message":"url: /boards/dea48f12-00fe-4401-aad8-580eae4deb42, method: DELETE, params: {}, body: {}","timestamp":"2020-04-19 19:28:51"}
{"level":"info","message":"url: /boards/c1e54c12-b496-404f-8391-24079c05db0e/tasks, method: POST, params: {}, body: {\"title\":\"Autotest task\",\"order\":0,\"description\":\"Lorem ipsum\",\"userId\":null,\"boardId\":null,\"columnId\":null}","timestamp":"2020-04-19 19:28:51"}
{"level":"info","message":"url: /users, method: POST, params: {}, body: {\"name\":\"TEST_USER\",\"login\":\"test_user\",\"password\":\"T35t_P@55w0rd\"}","timestamp":"2020-04-19 19:28:51"}
{"level":"info","message":"url: /users/309e6f95-6483-4102-9515-c2fff1ad4764, method: DELETE, params: {}, body: {}","timestamp":"2020-04-19 19:28:51"}
{"level":"info","message":"url: /boards/c1e54c12-b496-404f-8391-24079c05db0e/tasks/19da49b5-195d-4764-9ced-f21621830cee, method: DELETE, params: {}, body: {}","timestamp":"2020-04-19 19:28:51"}
{"level":"info","message":"url: /boards, method: POST, params: {}, body: {\"title\":\"Autotest board\",\"columns\":[{\"title\":\"Backlog\",\"order\":1},{\"title\":\"Sprint\",\"order\":2}]}","timestamp":"2020-04-19 19:28:51"}
{"level":"info","message":"url: /boards/c1e54c12-b496-404f-8391-24079c05db0e/tasks, method: POST, params: {}, body: {\"title\":\"Autotest task\",\"order\":0,\"description\":\"Lorem ipsum\",\"userId\":null,\"boardId\":null,\"columnId\":null}","timestamp":"2020-04-19 19:28:51"}
{"level":"info","message":"url: /boards/60c73cff-7661-4e94-b842-4d4a63428762, method: PUT, params: {}, body: {\"id\":\"60c73cff-7661-4e94-b842-4d4a63428762\",\"title\":\"Autotest updated board\",\"columns\":[{\"id\":\"c6f11f44-4a6c-43a3-a463-10b7b8896e31\",\"title\":\"Backlog\",\"order\":1},{\"id\":\"0fbf36c7-0350-4fe8-9007-ce2d0ed10017\",\"title\":\"Sprint\",\"order\":2}]}","timestamp":"2020-04-19 19:28:51"}
{"level":"info","message":"url: /users, method: POST, params: {}, body: {\"name\":\"TEST_USER\",\"login\":\"test_user\",\"password\":\"T35t_P@55w0rd\"}","timestamp":"2020-04-19 19:28:51"}
{"level":"info","message":"url: /boards/c1e54c12-b496-404f-8391-24079c05db0e/tasks/e746e4d8-daf1-45e7-8222-7cbac73c5c5f, method: PUT, params: {}, body: {\"id\":\"e746e4d8-daf1-45e7-8222-7cbac73c5c5f\",\"title\":\"Autotest updated task\",\"order\":0,\"description\":\"Lorem ipsum\",\"userId\":null,\"boardId\":\"c1e54c12-b496-404f-8391-24079c05db0e\",\"columnId\":null}","timestamp":"2020-04-19 19:28:51"}
{"level":"info","message":"url: /boards/60c73cff-7661-4e94-b842-4d4a63428762, method: GET, params: {}, body: {}","timestamp":"2020-04-19 19:28:51"}
{"level":"info","message":"url: /boards/c1e54c12-b496-404f-8391-24079c05db0e/tasks/e746e4d8-daf1-45e7-8222-7cbac73c5c5f, method: GET, params: {}, body: {}","timestamp":"2020-04-19 19:28:51"}
{"level":"info","message":"url: /users/17a4ab1d-a1d5-4c9a-902a-8daeac6108bf, method: PUT, params: {}, body: {\"name\":\"Autotest updated TEST_USER\",\"login\":\"test_user\",\"password\":\"T35t_P@55w0rd\",\"id\":\"17a4ab1d-a1d5-4c9a-902a-8daeac6108bf\"}","timestamp":"2020-04-19 19:28:51"}
{"level":"info","message":"url: /users/17a4ab1d-a1d5-4c9a-902a-8daeac6108bf, method: GET, params: {}, body: {}","timestamp":"2020-04-19 19:28:51"}
{"level":"info","message":"url: /boards/60c73cff-7661-4e94-b842-4d4a63428762, method: DELETE, params: {}, body: {}","timestamp":"2020-04-19 19:28:51"}
{"level":"info","message":"url: /boards/c1e54c12-b496-404f-8391-24079c05db0e/tasks/cb3b0ab5-edbe-4c36-9cda-eb5b3522807b, method: GET, params: {}, body: {}","timestamp":"2020-04-19 19:28:51"}
{"level":"info","message":"url: /users/17a4ab1d-a1d5-4c9a-902a-8daeac6108bf, method: DELETE, params: {}, body: {}","timestamp":"2020-04-19 19:28:51"}
{"level":"info","message":"url: /boards/c1e54c12-b496-404f-8391-24079c05db0e/tasks/cb3b0ab5-edbe-4c36-9cda-eb5b3522807b, method: DELETE, params: {}, body: {}","timestamp":"2020-04-19 19:28:51"}
{"level":"info","message":"url: /boards/c1e54c12-b496-404f-8391-24079c05db0e/tasks/cb3b0ab5-edbe-4c36-9cda-eb5b3522807b, method: GET, params: {}, body: {}","timestamp":"2020-04-19 19:28:51"}
{"level":"info","message":"url: /boards, method: GET, params: {}, body: {}","timestamp":"2020-04-19 19:28:51"}
{"statusCode":404,"message":"Task with id cb3b0ab5-edbe-4c36-9cda-eb5b3522807b is not found","level":"error","timestamp":"2020-04-19 19:28:51"}
{"level":"info","message":"url: /boards/4, method: DELETE, params: {}, body: {}","timestamp":"2020-04-19 19:28:51"}
{"level":"info","message":"url: /boards/c1e54c12-b496-404f-8391-24079c05db0e, method: DELETE, params: {}, body: {}","timestamp":"2020-04-19 19:28:51"}
{"level":"info","message":"url: /users, method: POST, params: {}, body: {\"name\":\"TEST_USER\",\"login\":\"test_user\",\"password\":\"T35t_P@55w0rd\"}","timestamp":"2020-04-19 19:28:51"}
{"level":"info","message":"url: /users/83df9812-7846-46a7-b374-6b92ff175fe5, method: DELETE, params: {}, body: {}","timestamp":"2020-04-19 19:28:51"}
{"level":"info","message":"url: /boards/4, method: GET, params: {}, body: {}","timestamp":"2020-04-19 19:28:51"}
{"statusCode":404,"message":"Board with id 4 is not found","level":"error","timestamp":"2020-04-19 19:28:52"}
{"level":"info","message":"url: /boards, method: POST, params: {}, body: {\"title\":\"Autotest board\",\"columns\":[{\"title\":\"Backlog\",\"order\":1},{\"title\":\"Sprint\",\"order\":2}]}","timestamp":"2020-04-19 19:28:52"}
{"level":"info","message":"url: /users, method: POST, params: {}, body: {\"name\":\"TEST_USER\",\"login\":\"test_user\",\"password\":\"T35t_P@55w0rd\"}","timestamp":"2020-04-19 19:28:52"}
{"level":"info","message":"url: /boards/5645f861-f0c6-4cf1-a7be-ee83553b2b0d/tasks, method: POST, params: {}, body: {\"title\":\"Task #1\",\"order\":1,\"description\":\"Lorem ipsum\",\"boardId\":\"5645f861-f0c6-4cf1-a7be-ee83553b2b0d\",\"userId\":null,\"columnId\":null}","timestamp":"2020-04-19 19:28:52"}
{"level":"info","message":"url: /boards/5645f861-f0c6-4cf1-a7be-ee83553b2b0d/tasks, method: POST, params: {}, body: {\"title\":\"Task #2\",\"order\":2,\"description\":\"Lorem ipsum\",\"boardId\":\"5645f861-f0c6-4cf1-a7be-ee83553b2b0d\",\"userId\":null,\"columnId\":null}","timestamp":"2020-04-19 19:28:52"}
{"level":"info","message":"url: /boards/5645f861-f0c6-4cf1-a7be-ee83553b2b0d/tasks, method: POST, params: {}, body: {\"title\":\"Task #3\",\"order\":3,\"description\":\"Lorem ipsum\",\"boardId\":\"5645f861-f0c6-4cf1-a7be-ee83553b2b0d\",\"userId\":null,\"columnId\":null}","timestamp":"2020-04-19 19:28:52"}
{"level":"info","message":"url: /boards/5645f861-f0c6-4cf1-a7be-ee83553b2b0d/tasks, method: POST, params: {}, body: {\"title\":\"Task #4\",\"order\":4,\"description\":\"Lorem ipsum\",\"boardId\":\"5645f861-f0c6-4cf1-a7be-ee83553b2b0d\",\"userId\":null,\"columnId\":null}","timestamp":"2020-04-19 19:28:52"}
{"level":"info","message":"url: /boards/5645f861-f0c6-4cf1-a7be-ee83553b2b0d/tasks, method: POST, params: {}, body: {\"title\":\"Task #5\",\"order\":5,\"description\":\"Lorem ipsum\",\"boardId\":\"5645f861-f0c6-4cf1-a7be-ee83553b2b0d\",\"userId\":null,\"columnId\":null}","timestamp":"2020-04-19 19:28:52"}
{"level":"info","message":"url: /boards, method: POST, params: {}, body: {\"title\":\"Autotest board\",\"columns\":[{\"title\":\"Backlog\",\"order\":1},{\"title\":\"Sprint\",\"order\":2}]}","timestamp":"2020-04-19 19:28:52"}
{"level":"info","message":"url: /boards/5645f861-f0c6-4cf1-a7be-ee83553b2b0d/tasks/0022688a-37fe-4022-b5c6-f885336e66ef, method: GET, params: {}, body: {}","timestamp":"2020-04-19 19:28:52"}
{"level":"info","message":"url: /boards/5645f861-f0c6-4cf1-a7be-ee83553b2b0d/tasks/044ce226-621f-4707-a6c2-67f29e6ccd96, method: GET, params: {}, body: {}","timestamp":"2020-04-19 19:28:52"}
{"level":"info","message":"url: /boards/5645f861-f0c6-4cf1-a7be-ee83553b2b0d/tasks/7bf73637-aa11-4e08-88a0-06b7707be14a, method: GET, params: {}, body: {}","timestamp":"2020-04-19 19:28:52"}
{"level":"info","message":"url: /boards/5645f861-f0c6-4cf1-a7be-ee83553b2b0d/tasks/d847cbb7-3522-48b4-ad0a-8a265864fe6b, method: GET, params: {}, body: {}","timestamp":"2020-04-19 19:28:52"}
{"level":"info","message":"url: /boards/5645f861-f0c6-4cf1-a7be-ee83553b2b0d/tasks/5f603202-5bb9-4159-9083-be42cf2b4224, method: GET, params: {}, body: {}","timestamp":"2020-04-19 19:28:52"}
{"level":"info","message":"url: /boards/fac2a9ea-3d23-4050-8b02-fe47c5e973cd/tasks, method: POST, params: {}, body: {\"title\":\"Task #1\",\"order\":1,\"description\":\"Lorem ipsum\",\"userId\":\"2fdf4d3a-f29d-4723-8ef7-01e34aaca6fa\",\"boardId\":\"fac2a9ea-3d23-4050-8b02-fe47c5e973cd\"}","timestamp":"2020-04-19 19:28:52"}
{"level":"info","message":"url: /boards/fac2a9ea-3d23-4050-8b02-fe47c5e973cd/tasks, method: POST, params: {}, body: {\"title\":\"Task #2\",\"order\":2,\"description\":\"Lorem ipsum\",\"userId\":\"2fdf4d3a-f29d-4723-8ef7-01e34aaca6fa\",\"boardId\":\"fac2a9ea-3d23-4050-8b02-fe47c5e973cd\"}","timestamp":"2020-04-19 19:28:52"}
{"level":"info","message":"url: /boards/5645f861-f0c6-4cf1-a7be-ee83553b2b0d, method: DELETE, params: {}, body: {}","timestamp":"2020-04-19 19:28:52"}
{"level":"info","message":"url: /users/2fdf4d3a-f29d-4723-8ef7-01e34aaca6fa, method: DELETE, params: {}, body: {}","timestamp":"2020-04-19 19:28:52"}
{"level":"info","message":"url: /boards/5645f861-f0c6-4cf1-a7be-ee83553b2b0d/tasks/0022688a-37fe-4022-b5c6-f885336e66ef, method: GET, params: {}, body: {}","timestamp":"2020-04-19 19:28:52"}
{"level":"info","message":"url: /boards/5645f861-f0c6-4cf1-a7be-ee83553b2b0d/tasks/044ce226-621f-4707-a6c2-67f29e6ccd96, method: GET, params: {}, body: {}","timestamp":"2020-04-19 19:28:52"}
{"level":"info","message":"url: /boards/5645f861-f0c6-4cf1-a7be-ee83553b2b0d/tasks/7bf73637-aa11-4e08-88a0-06b7707be14a, method: GET, params: {}, body: {}","timestamp":"2020-04-19 19:28:52"}
{"level":"info","message":"url: /boards/5645f861-f0c6-4cf1-a7be-ee83553b2b0d/tasks/d847cbb7-3522-48b4-ad0a-8a265864fe6b, method: GET, params: {}, body: {}","timestamp":"2020-04-19 19:28:52"}
{"level":"info","message":"url: /boards/5645f861-f0c6-4cf1-a7be-ee83553b2b0d/tasks/5f603202-5bb9-4159-9083-be42cf2b4224, method: GET, params: {}, body: {}","timestamp":"2020-04-19 19:28:52"}
{"level":"info","message":"url: /boards/fac2a9ea-3d23-4050-8b02-fe47c5e973cd/tasks/820f6954-79a8-476a-8a69-0af2d102b607, method: GET, params: {}, body: {}","timestamp":"2020-04-19 19:28:52"}
{"statusCode":404,"message":"Task with id 0022688a-37fe-4022-b5c6-f885336e66ef is not found","level":"error","timestamp":"2020-04-19 19:28:52"}
{"statusCode":404,"message":"Task with id 044ce226-621f-4707-a6c2-67f29e6ccd96 is not found","level":"error","timestamp":"2020-04-19 19:28:52"}
{"statusCode":404,"message":"Task with id d847cbb7-3522-48b4-ad0a-8a265864fe6b is not found","level":"error","timestamp":"2020-04-19 19:28:52"}
{"statusCode":404,"message":"Task with id 7bf73637-aa11-4e08-88a0-06b7707be14a is not found","level":"error","timestamp":"2020-04-19 19:28:52"}
{"statusCode":404,"message":"Task with id 5f603202-5bb9-4159-9083-be42cf2b4224 is not found","level":"error","timestamp":"2020-04-19 19:28:52"}
{"level":"info","message":"url: /boards/fac2a9ea-3d23-4050-8b02-fe47c5e973cd/tasks/fdf34d95-514e-477a-a16d-420a94728cc9, method: GET, params: {}, body: {}","timestamp":"2020-04-19 19:28:52"}
{"level":"info","message":"url: /boards/fac2a9ea-3d23-4050-8b02-fe47c5e973cd/tasks/820f6954-79a8-476a-8a69-0af2d102b607, method: DELETE, params: {}, body: {}","timestamp":"2020-04-19 19:28:52"}
{"level":"info","message":"url: /boards/fac2a9ea-3d23-4050-8b02-fe47c5e973cd/tasks/fdf34d95-514e-477a-a16d-420a94728cc9, method: DELETE, params: {}, body: {}","timestamp":"2020-04-19 19:28:52"}
{"level":"info","message":"url: /boards/fac2a9ea-3d23-4050-8b02-fe47c5e973cd, method: DELETE, params: {}, body: {}","timestamp":"2020-04-19 19:28:52"}
